Base path: D:/Program Files/Unity/Editor/Data
Pipe name: \\.\pipe\UnityShaderCompiler-64bit-1-9612
Cmd: getPlatforms
Cmd: preprocess
  insize=219 outsize=219 ok=1
Cmd: preprocess
  insize=2317 outsize=849 ok=1
Cmd: preprocess
  insize=1571 outsize=492 ok=1
Cmd: preprocess
  insize=2330 outsize=478 ok=1
Cmd: preprocess
  insize=1964 outsize=478 ok=1
Cmd: preprocess
  insize=480 outsize=480 ok=1
Cmd: preprocess
  insize=2450 outsize=535 ok=1
Cmd: preprocess
  insize=2083 outsize=533 ok=1
Cmd: preprocess
  insize=1404 outsize=609 ok=1
Cmd: preprocess
  insize=1452 outsize=830 ok=1
Cmd: preprocess
  insize=1503 outsize=625 ok=1
Cmd: preprocess
  insize=2684 outsize=849 ok=1
Cmd: preprocess
  insize=1560 outsize=533 ok=1
Cmd: preprocess
  insize=1428 outsize=478 ok=1
Cmd: preprocess
  insize=3042 outsize=2109 ok=1
Cmd: preprocess
  insize=1784 outsize=847 ok=1
Cmd: preprocess
  insize=2474 outsize=494 ok=1
Cmd: preprocess
  insize=435 outsize=435 ok=1
Cmd: preprocess
  insize=1465 outsize=506 ok=1
Cmd: preprocess
  insize=1414 outsize=840 ok=1
Cmd: preprocess
  insize=5950 outsize=3818 ok=1
Cmd: preprocess
  insize=1464 outsize=884 ok=1
Cmd: preprocess
  insize=2361 outsize=2710 ok=1
Cmd: preprocess
  insize=1287 outsize=490 ok=1
Cmd: preprocess
  insize=1232 outsize=482 ok=1
Cmd: preprocess
  insize=2107 outsize=491 ok=1
Cmd: preprocess
  insize=1668 outsize=929 ok=1
Unhandled exception: Readfile from pipe failed. GLE=管道已结束。


Quitting shader compiler process
